<?xml version="1.0" encoding="UTF-8"?>
<testng-results ignored="0" total="1" passed="1" failed="0" skipped="0">
  <reporter-output>
  </reporter-output>
  <suite started-at="2026-08-21T18:58:20 IST" name="Suite" finished-at="2026-08-21T18:58:24 IST" duration-ms="4753">
    <groups>
      <group name="regression">
        <method signature="RegisterTest.registerUser_withValidData_shouldBeSuccessful()[pri:0, instance:tests.RegisterTest@74e52303]" name="registerUser_withValidData_shouldBeSuccessful" class="tests.RegisterTest"/>
      </group> <!-- regression -->
      <group name="smoke">
        <method signature="RegisterTest.registerUser_withValidData_shouldBeSuccessful()[pri:0, instance:tests.RegisterTest@74e52303]" name="registerUser_withValidData_shouldBeSuccessful" class="tests.RegisterTest"/>
      </group> <!-- smoke -->
    </groups>
    <test started-at="2026-08-21T18:58:20 IST" name="Test" finished-at="2026-08-21T18:58:24 IST" duration-ms="4753">
      <class name="tests.RegisterTest">
        <test-method is-config="true" signature="setUp()[pri:0, instance:tests.RegisterTest@74e52303]" started-at="2026-08-21T18:58:20 IST" name="setUp" finished-at="2026-08-21T18:58:21 IST" duration-ms="1710" status="PASS">
          <reporter-output>
          </reporter-output>
        </test-method> <!-- setUp -->
        <test-method is-config="true" signature="setUpPage()[pri:0, instance:tests.RegisterTest@74e52303]" started-at="2026-08-21T18:58:21 IST" name="setUpPage" finished-at="2026-08-21T18:58:21 IST" duration-ms="6" status="PASS">
          <reporter-output>
          </reporter-output>
        </test-method> <!-- setUpPage -->
        <test-method signature="registerUser_withValidData_shouldBeSuccessful()[pri:0, instance:tests.RegisterTest@74e52303]" started-at="2026-08-21T18:58:21 IST" name="registerUser_withValidData_shouldBeSuccessful" finished-at="2026-08-21T18:58:22 IST" duration-ms="1162" status="PASS">
          <reporter-output>
          </reporter-output>
        </test-method> <!-- registerUser_withValidData_shouldBeSuccessful -->
        <test-method is-config="true" signature="tearDown()[pri:0, instance:tests.RegisterTest@74e52303]" started-at="2026-08-21T18:58:22 IST" name="tearDown" finished-at="2026-08-21T18:58:24 IST" duration-ms="1845" status="PASS">
          <reporter-output>
          </reporter-output>
        </test-method> <!-- tearDown -->
      </class> <!-- tests.RegisterTest -->
    </test> <!-- Test -->
  </suite> <!-- Suite -->
</testng-results>
