<?xml version="1.0" encoding="UTF-8"?>
<testng-results ignored="0" total="1" passed="1" failed="0" skipped="0">
  <reporter-output>
  </reporter-output>
  <suite started-at="2026-08-26T00:08:52 IST" name="Default suite" finished-at="2026-08-26T00:09:05 IST" duration-ms="12412">
    <groups>
    </groups>
    <test started-at="2026-08-26T00:08:52 IST" name="Default test" finished-at="2026-08-26T00:09:05 IST" duration-ms="12412">
      <class name="tests.seleniumPrograms.Dropdown">
        <test-method signature="selectBy()[pri:0, instance:tests.seleniumPrograms.Dropdown@4afcd809]" started-at="2026-08-26T00:08:52 IST" name="selectBy" finished-at="2026-08-26T00:09:05 IST" duration-ms="12362" status="PASS">
          <reporter-output>
          </reporter-output>
        </test-method> <!-- selectBy -->
      </class> <!-- tests.seleniumPrograms.Dropdown -->
    </test> <!-- Default test -->
  </suite> <!-- Default suite -->
</testng-results>
